<?xml version="1.0" encoding="UTF-8"?>
<testsuite name="edu.gctu.campusmesh.ConfigLoaderTest" tests="3" skipped="0" failures="0" errors="0" timestamp="2026-07-28T17:52:38.935Z" hostname="Nanas-MacBook-Pro.local" time="0.031">
  <properties/>
  <testcase name="testEd25519SignatureVerification" classname="edu.gctu.campusmesh.ConfigLoaderTest" time="0.021"/>
  <testcase name="testDefaultSchoolConfigPresets" classname="edu.gctu.campusmesh.ConfigLoaderTest" time="0.002"/>
  <testcase name="testRevocationLedgerBlacklist" classname="edu.gctu.campusmesh.ConfigLoaderTest" time="0.008"/>
  <system-out><![CDATA[]]></system-out>
  <system-err><![CDATA[]]></system-err>
</testsuite>
